TN:
SF:C:\Users\DELL\Desktop\ABN Amro Assessment\tv-shows\src\polyfills.ts
FNF:0
FNH:0
LF:0
LH:0
BRF:0
BRH:0
end_of_record
TN:
SF:C:\Users\DELL\Desktop\ABN Amro Assessment\tv-shows\src\test.ts
FNF:0
FNH:0
DA:13,1
DA:18,1
DA:20,1
LF:3
LH:3
BRF:0
BRH:0
end_of_record
TN:
SF:C:\Users\DELL\Desktop\ABN Amro Assessment\tv-shows\src\app\app.component.ts
FN:8,(anonymous_0)
FN:3,AppComponent
FNF:2
FNH:2
FNDA:1,(anonymous_0)
FNDA:2,AppComponent
DA:8,1
DA:9,2
DA:10,1
LF:3
LH:3
BRF:0
BRH:0
end_of_record
TN:
SF:C:\Users\DELL\Desktop\ABN Amro Assessment\tv-shows\src\app\components\card-container\card-container.component.ts
FN:11,(anonymous_0)
FN:14,CardContainerComponent
FN:16,(anonymous_2)
FNF:3
FNH:3
FNDA:1,(anonymous_0)
FNDA:23,CardContainerComponent
FNDA:1,(anonymous_2)
DA:11,1
DA:12,1
DA:14,23
DA:16,23
DA:18,1
LF:5
LH:5
BRF:0
BRH:0
end_of_record
TN:
SF:C:\Users\DELL\Desktop\ABN Amro Assessment\tv-shows\src\app\components\label\label.component.ts
FN:9,(anonymous_0)
FNF:1
FNH:1
FNDA:14,(anonymous_0)
DA:9,1
DA:10,1
DA:11,1
DA:12,1
LF:4
LH:4
BRF:0
BRH:0
end_of_record
TN:
SF:C:\Users\DELL\Desktop\ABN Amro Assessment\tv-shows\src\app\components\nav-bar\nav-bar.component.ts
FN:10,(anonymous_0)
FN:12,NavBarComponent
FN:14,(anonymous_2)
FN:17,(anonymous_3)
FNF:4
FNH:4
FNDA:1,(anonymous_0)
FNDA:4,NavBarComponent
FNDA:1,(anonymous_2)
FNDA:2,(anonymous_3)
DA:10,1
DA:11,4
DA:12,4
DA:14,4
DA:17,1
DA:18,2
DA:19,1
DA:21,1
DA:22,1
DA:25,1
DA:28,1
LF:11
LH:11
BRDA:18,0,0,1
BRDA:18,0,1,1
BRDA:18,1,0,2
BRDA:18,1,1,2
BRDA:21,2,0,1
BRDA:21,2,1,0
BRF:6
BRH:5
end_of_record
TN:
SF:C:\Users\DELL\Desktop\ABN Amro Assessment\tv-shows\src\app\components\network-error\network-error.component.ts
FN:9,(anonymous_0)
FNF:1
FNH:1
FNDA:3,(anonymous_0)
DA:9,1
DA:10,1
DA:12,1
LF:3
LH:3
BRF:0
BRH:0
end_of_record
TN:
SF:C:\Users\DELL\Desktop\ABN Amro Assessment\tv-shows\src\app\components\show-card\show-card.component.ts
FN:13,(anonymous_0)
FN:8,ShowCardComponent
FN:18,(anonymous_2)
FNF:3
FNH:3
FNDA:1,(anonymous_0)
FNDA:41,ShowCardComponent
FNDA:1,(anonymous_2)
DA:8,41
DA:13,1
DA:15,1
DA:16,41
DA:18,41
DA:19,1
LF:6
LH:6
BRF:0
BRH:0
end_of_record
TN:
SF:C:\Users\DELL\Desktop\ABN Amro Assessment\tv-shows\src\app\components\shows-list\shows-list.component.ts
FN:14,(anonymous_0)
FN:30,ShowsListComponent
FN:112,(anonymous_2)
FN:115,(anonymous_3)
FN:32,(anonymous_4)
FN:37,(anonymous_5)
FN:42,(anonymous_6)
FN:50,(anonymous_7)
FN:52,(anonymous_8)
FN:59,(anonymous_9)
FN:65,(anonymous_10)
FN:71,(anonymous_11)
FN:73,(anonymous_12)
FN:86,(anonymous_13)
FN:95,(anonymous_14)
FN:99,(anonymous_15)
FN:105,(anonymous_16)
FNF:17
FNH:15
FNDA:1,(anonymous_0)
FNDA:10,ShowsListComponent
FNDA:1,(anonymous_2)
FNDA:1,(anonymous_3)
FNDA:10,(anonymous_4)
FNDA:10,(anonymous_5)
FNDA:0,(anonymous_6)
FNDA:2,(anonymous_7)
FNDA:2,(anonymous_8)
FNDA:3,(anonymous_9)
FNDA:0,(anonymous_10)
FNDA:12,(anonymous_11)
FNDA:2,(anonymous_12)
FNDA:10,(anonymous_13)
FNDA:11,(anonymous_14)
FNDA:33,(anonymous_15)
FNDA:33,(anonymous_16)
DA:14,1
DA:18,10
DA:30,10
DA:32,10
DA:33,10
DA:34,10
DA:35,10
DA:38,10
DA:39,10
DA:40,10
DA:43,0
DA:44,0
DA:47,10
DA:50,2
DA:51,2
DA:53,2
DA:54,2
DA:55,2
DA:57,2
DA:58,1
DA:60,3
DA:66,0
DA:67,0
DA:71,12
DA:72,12
DA:74,2
DA:75,1
DA:76,1
DA:78,1
DA:79,1
DA:86,1
DA:87,30
DA:88,90
DA:89,90
DA:95,11
DA:96,11
DA:97,11
DA:98,11
DA:100,33
DA:104,11
DA:106,33
DA:112,10
DA:115,10
DA:116,1
DA:117,1
DA:119,1
LF:46
LH:42
BRDA:57,0,0,1
BRDA:57,0,1,1
BRDA:74,1,0,1
BRDA:74,1,1,1
BRF:4
BRH:4
end_of_record
TN:
SF:C:\Users\DELL\Desktop\ABN Amro Assessment\tv-shows\src\app\models\showTrackerError.model.ts
FN:1,(anonymous_0)
FNF:1
FNH:1
FNDA:4,(anonymous_0)
DA:1,1
DA:5,1
LF:2
LH:2
BRF:0
BRH:0
end_of_record
TN:
SF:C:\Users\DELL\Desktop\ABN Amro Assessment\tv-shows\src\app\pages\dashboard\dashboard.component.ts
FN:8,(anonymous_0)
FNF:1
FNH:1
FNDA:2,(anonymous_0)
DA:8,1
LF:1
LH:1
BRF:0
BRH:0
end_of_record
TN:
SF:C:\Users\DELL\Desktop\ABN Amro Assessment\tv-shows\src\app\pages\page-not-found\page-not-found.component.ts
FN:8,(anonymous_0)
FN:3,PageNotFoundComponent
FNF:2
FNH:2
FNDA:1,(anonymous_0)
FNDA:1,PageNotFoundComponent
DA:8,1
DA:9,1
DA:10,1
LF:3
LH:3
BRF:0
BRH:0
end_of_record
TN:
SF:C:\Users\DELL\Desktop\ABN Amro Assessment\tv-shows\src\app\pages\show-detail\show-detail.component.ts
FN:12,(anonymous_0)
FN:18,ShowDetailComponent
FN:23,(anonymous_2)
FN:26,(anonymous_3)
FN:39,(anonymous_4)
FN:41,(anonymous_5)
FN:44,(anonymous_6)
FNF:7
FNH:7
FNDA:1,(anonymous_0)
FNDA:2,ShowDetailComponent
FNDA:2,(anonymous_2)
FNDA:2,(anonymous_3)
FNDA:2,(anonymous_4)
FNDA:1,(anonymous_5)
FNDA:1,(anonymous_6)
DA:12,1
DA:18,2
DA:19,2
DA:20,2
DA:23,2
DA:24,2
DA:25,2
DA:26,2
DA:30,2
DA:31,0
DA:33,2
DA:39,2
DA:40,2
DA:42,1
DA:45,1
DA:46,1
DA:51,1
LF:17
LH:16
BRDA:30,0,0,0
BRDA:30,0,1,2
BRF:2
BRH:1
end_of_record
TN:
SF:C:\Users\DELL\Desktop\ABN Amro Assessment\tv-shows\src\app\services\shows-data.service.ts
FN:12,(anonymous_0)
FN:17,ShowsDataService
FN:20,(anonymous_2)
FN:23,(anonymous_3)
FN:26,(anonymous_4)
FN:30,(anonymous_5)
FN:38,(anonymous_6)
FN:42,(anonymous_7)
FN:49,(anonymous_8)
FN:53,(anonymous_9)
FN:60,(anonymous_10)
FNF:11
FNH:9
FNDA:1,(anonymous_0)
FNDA:8,ShowsDataService
FNDA:0,(anonymous_2)
FNDA:0,(anonymous_3)
FNDA:2,(anonymous_4)
FNDA:1,(anonymous_5)
FNDA:2,(anonymous_6)
FNDA:1,(anonymous_7)
FNDA:2,(anonymous_8)
FNDA:1,(anonymous_9)
FNDA:3,(anonymous_10)
DA:12,1
DA:13,8
DA:14,8
DA:15,8
DA:17,8
DA:20,8
DA:23,8
DA:26,2
DA:27,2
DA:28,2
DA:31,1
DA:38,2
DA:39,2
DA:40,2
DA:43,1
DA:49,2
DA:50,2
DA:51,2
DA:54,1
DA:60,1
DA:61,3
DA:62,3
DA:63,3
DA:64,3
DA:65,3
DA:67,1
LF:26
LH:26
BRF:0
BRH:0
end_of_record
